18:06:03.828 INFO  manager.ApplicationManager - Tests start in Chrome driver
18:06:06.194 INFO  manager.ApplicationManager - The link of project -->https://ilcarro-1578153671498.web.app/search
18:06:06.321 INFO  tests.TestBase - SL: Name of method--->searchPeriodAnyDataInFuture
18:06:06.327 INFO  manager.MyListener - Start find element by locator --->By.id: city
18:06:06.369 INFO  manager.MyListener - After find by --->By.id: city
18:06:06.764 INFO  manager.MyListener - Start find element by locator --->By.cssSelector: .pac-item
18:06:07.131 INFO  manager.MyListener - After find by --->By.cssSelector: .pac-item
18:06:07.812 INFO  manager.MyListener - Start find element by locator --->By.id: dates
18:06:07.862 INFO  manager.MyListener - After find by --->By.id: dates
18:06:08.027 INFO  manager.MyListener - Start find element by locator --->By.xpath: //div[text()=' 30 ']
18:06:08.056 INFO  manager.MyListener - After find by --->By.xpath: //div[text()=' 30 ']
18:06:08.161 INFO  manager.MyListener - Start find element by locator --->By.cssSelector: button[aria-label='Next month']
18:06:08.219 INFO  manager.MyListener - After find by --->By.cssSelector: button[aria-label='Next month']
18:06:08.369 INFO  manager.MyListener - Start find element by locator --->By.cssSelector: button[aria-label='Next month']
18:06:08.404 INFO  manager.MyListener - After find by --->By.cssSelector: button[aria-label='Next month']
18:06:08.539 INFO  manager.MyListener - Start find element by locator --->By.cssSelector: button[aria-label='Next month']
18:06:08.567 INFO  manager.MyListener - After find by --->By.cssSelector: button[aria-label='Next month']
18:06:08.646 INFO  manager.MyListener - Start find element by locator --->By.cssSelector: button[aria-label='Next month']
18:06:08.678 INFO  manager.MyListener - After find by --->By.cssSelector: button[aria-label='Next month']
18:06:08.781 INFO  manager.MyListener - Start find element by locator --->By.cssSelector: button[aria-label='Next month']
18:06:08.802 INFO  manager.MyListener - After find by --->By.cssSelector: button[aria-label='Next month']
18:06:08.904 INFO  manager.MyListener - Start find element by locator --->By.cssSelector: button[aria-label='Next month']
18:06:08.938 INFO  manager.MyListener - After find by --->By.cssSelector: button[aria-label='Next month']
18:06:09.050 INFO  manager.MyListener - Start find element by locator --->By.cssSelector: button[aria-label='Next month']
18:06:09.082 INFO  manager.MyListener - After find by --->By.cssSelector: button[aria-label='Next month']
18:06:09.183 INFO  manager.MyListener - Start find element by locator --->By.cssSelector: button[aria-label='Next month']
18:06:09.205 INFO  manager.MyListener - After find by --->By.cssSelector: button[aria-label='Next month']
18:06:09.308 INFO  manager.MyListener - Start find element by locator --->By.cssSelector: button[aria-label='Next month']
18:06:09.348 INFO  manager.MyListener - After find by --->By.cssSelector: button[aria-label='Next month']
18:06:09.461 INFO  manager.MyListener - Start find element by locator --->By.cssSelector: button[aria-label='Next month']
18:06:09.492 INFO  manager.MyListener - After find by --->By.cssSelector: button[aria-label='Next month']
18:06:09.603 INFO  manager.MyListener - Start find element by locator --->By.cssSelector: button[aria-label='Next month']
18:06:09.643 INFO  manager.MyListener - After find by --->By.cssSelector: button[aria-label='Next month']
18:06:09.775 INFO  manager.MyListener - Start find element by locator --->By.xpath: //div[text()=' 22 ']
18:06:09.824 INFO  manager.MyListener - After find by --->By.xpath: //div[text()=' 22 ']
18:06:10.000 INFO  manager.MyListener - Start find element by locator --->By.cssSelector: button[type='submit']
18:06:10.047 INFO  manager.MyListener - After find by --->By.cssSelector: button[type='submit']
18:06:11.001 INFO  manager.MyListener - Start find element by locator --->By.cssSelector: .search-results
18:06:11.066 INFO  manager.MyListener - After find by --->By.cssSelector: .search-results
18:06:11.080 INFO  manager.MyListener - Start find element by locator --->By.cssSelector: .header a[href='/']
18:06:11.128 INFO  manager.MyListener - After find by --->By.cssSelector: .header a[href='/']
18:06:11.783 INFO  tests.TestBase - SL: Name of method--->searchPeriodCurrentMonth
18:06:11.786 INFO  manager.MyListener - Start find element by locator --->By.id: city
18:06:11.826 INFO  manager.MyListener - After find by --->By.id: city
18:06:12.274 INFO  manager.MyListener - Start find element by locator --->By.cssSelector: .pac-item
18:06:12.309 INFO  manager.MyListener - After find by --->By.cssSelector: .pac-item
18:06:12.921 INFO  manager.MyListener - Start find element by locator --->By.id: dates
18:06:12.951 INFO  manager.MyListener - After find by --->By.id: dates
18:06:13.104 INFO  manager.MyListener - Start find element by locator --->By.xpath: //div[text()=' 29 ']
18:06:13.136 INFO  manager.MyListener - After find by --->By.xpath: //div[text()=' 29 ']
18:06:13.244 INFO  manager.MyListener - Start find element by locator --->By.xpath: //div[text()=' 31 ']
18:06:18.328 INFO  manager.MyListener - We have a problem --->https://ilcarro-1578153671498.web.app/search
18:06:18.329 INFO  manager.MyListener - We have a problem --->no such element: Unable to locate element: {"method":"xpath","selector":"//div[text()=' 31 ']"}
  (Session info: chrome=102.0.5005.63)
For documentation on this error, please visit: https://www.seleniumhq.org/exceptions/no_such_element.html
Build info: version: '3.141.59', revision: 'e82be7d358', time: '2018-11-14T08:17:03'
System info: host: 'KDFX-PC', ip: '172.16.0.178', os.name: 'Windows 10', os.arch: 'amd64', os.version: '10.0', java.version: '1.8.0_321'
Driver info: org.openqa.selenium.chrome.ChromeDriver
Capabilities {acceptInsecureCerts: false, browserName: chrome, browserVersion: 102.0.5005.63, chrome: {chromedriverVersion: 101.0.4951.41 (93c720db8323..., userDataDir: C:\Users\KDFXTE~1\AppData\L...}, goog:chromeOptions: {debuggerAddress: localhost:64494}, javascriptEnabled: true, networkConnectionEnabled: false, pageLoadStrategy: normal, platform: WINDOWS, platformName: WINDOWS, proxy: Proxy(), setWindowRect: true, strictFileInteractability: false, timeouts: {implicit: 0, pageLoad: 300000, script: 30000}, unhandledPromptBehavior: dismiss and notify, webauthn:extension:credBlob: true, webauthn:extension:largeBlob: true, webauthn:virtualAuthenticators: true}
Session ID: d551a8b02c4909a84cb362fa00b1c2f0
*** Element info: {Using=xpath, value=//div[text()=' 31 ']}
18:06:18.330 INFO  manager.MyListener - We have a problem --->org.openqa.selenium.NoSuchElementException: no such element: Unable to locate element: {"method":"xpath","selector":"//div[text()=' 31 ']"}
  (Session info: chrome=102.0.5005.63)
For documentation on this error, please visit: https://www.seleniumhq.org/exceptions/no_such_element.html
Build info: version: '3.141.59', revision: 'e82be7d358', time: '2018-11-14T08:17:03'
System info: host: 'KDFX-PC', ip: '172.16.0.178', os.name: 'Windows 10', os.arch: 'amd64', os.version: '10.0', java.version: '1.8.0_321'
Driver info: org.openqa.selenium.chrome.ChromeDriver
Capabilities {acceptInsecureCerts: false, browserName: chrome, browserVersion: 102.0.5005.63, chrome: {chromedriverVersion: 101.0.4951.41 (93c720db8323..., userDataDir: C:\Users\KDFXTE~1\AppData\L...}, goog:chromeOptions: {debuggerAddress: localhost:64494}, javascriptEnabled: true, networkConnectionEnabled: false, pageLoadStrategy: normal, platform: WINDOWS, platformName: WINDOWS, proxy: Proxy(), setWindowRect: true, strictFileInteractability: false, timeouts: {implicit: 0, pageLoad: 300000, script: 30000}, unhandledPromptBehavior: dismiss and notify, webauthn:extension:credBlob: true, webauthn:extension:largeBlob: true, webauthn:virtualAuthenticators: true}
Session ID: d551a8b02c4909a84cb362fa00b1c2f0
*** Element info: {Using=xpath, value=//div[text()=' 31 ']}
18:06:19.276 INFO  manager.MyListener - Start find element by locator --->By.cssSelector: .header a[href='/']
18:06:19.296 INFO  manager.MyListener - After find by --->By.cssSelector: .header a[href='/']
18:06:20.428 INFO  manager.MyListener - We have a problem --->https://ilcarro-1578153671498.web.app/search
18:06:20.429 INFO  manager.MyListener - We have a problem --->element click intercepted: Element <a _ngcontent-vvu-c25="" href="/" class="logo">...</a> is not clickable at point (284, 34). Other element would receive the click: <div class="cdk-overlay-backdrop mat-overlay-transparent-backdrop cdk-overlay-backdrop-showing"></div>
  (Session info: chrome=102.0.5005.63)
Build info: version: '3.141.59', revision: 'e82be7d358', time: '2018-11-14T08:17:03'
System info: host: 'KDFX-PC', ip: '172.16.0.178', os.name: 'Windows 10', os.arch: 'amd64', os.version: '10.0', java.version: '1.8.0_321'
Driver info: org.openqa.selenium.chrome.ChromeDriver
Capabilities {acceptInsecureCerts: false, browserName: chrome, browserVersion: 102.0.5005.63, chrome: {chromedriverVersion: 101.0.4951.41 (93c720db8323..., userDataDir: C:\Users\KDFXTE~1\AppData\L...}, goog:chromeOptions: {debuggerAddress: localhost:64494}, javascriptEnabled: true, networkConnectionEnabled: false, pageLoadStrategy: normal, platform: WINDOWS, platformName: WINDOWS, proxy: Proxy(), setWindowRect: true, strictFileInteractability: false, timeouts: {implicit: 0, pageLoad: 300000, script: 30000}, unhandledPromptBehavior: dismiss and notify, webauthn:extension:credBlob: true, webauthn:extension:largeBlob: true, webauthn:virtualAuthenticators: true}
Session ID: d551a8b02c4909a84cb362fa00b1c2f0
18:06:20.430 INFO  manager.MyListener - We have a problem --->org.openqa.selenium.ElementClickInterceptedException: element click intercepted: Element <a _ngcontent-vvu-c25="" href="/" class="logo">...</a> is not clickable at point (284, 34). Other element would receive the click: <div class="cdk-overlay-backdrop mat-overlay-transparent-backdrop cdk-overlay-backdrop-showing"></div>
  (Session info: chrome=102.0.5005.63)
Build info: version: '3.141.59', revision: 'e82be7d358', time: '2018-11-14T08:17:03'
System info: host: 'KDFX-PC', ip: '172.16.0.178', os.name: 'Windows 10', os.arch: 'amd64', os.version: '10.0', java.version: '1.8.0_321'
Driver info: org.openqa.selenium.chrome.ChromeDriver
Capabilities {acceptInsecureCerts: false, browserName: chrome, browserVersion: 102.0.5005.63, chrome: {chromedriverVersion: 101.0.4951.41 (93c720db8323..., userDataDir: C:\Users\KDFXTE~1\AppData\L...}, goog:chromeOptions: {debuggerAddress: localhost:64494}, javascriptEnabled: true, networkConnectionEnabled: false, pageLoadStrategy: normal, platform: WINDOWS, platformName: WINDOWS, proxy: Proxy(), setWindowRect: true, strictFileInteractability: false, timeouts: {implicit: 0, pageLoad: 300000, script: 30000}, unhandledPromptBehavior: dismiss and notify, webauthn:extension:credBlob: true, webauthn:extension:largeBlob: true, webauthn:virtualAuthenticators: true}
Session ID: d551a8b02c4909a84cb362fa00b1c2f0
