18:26:02.262 INFO  manager.ApplicationManager - Tests start in Chrome driver
18:26:04.129 INFO  manager.ApplicationManager - The link of project -->https://ilcarro-1578153671498.web.app/search
18:26:04.234 INFO  tests.TestBase - SL: Name of method--->searchPeriodCurrentMonth2
18:26:04.241 INFO  manager.MyListener - Start find element by locator --->By.id: city
18:26:04.279 INFO  manager.MyListener - After find by --->By.id: city
18:26:04.726 INFO  manager.MyListener - Start find element by locator --->By.cssSelector: .pac-item
18:26:05.100 INFO  manager.MyListener - After find by --->By.cssSelector: .pac-item
18:26:05.736 INFO  manager.MyListener - Start find element by locator --->By.id: dates
18:26:05.777 INFO  manager.MyListener - After find by --->By.id: dates
18:26:06.038 INFO  manager.MyListener - Start find element by locator --->By.xpath: //div[text()=' 30 ']
18:26:06.074 INFO  manager.MyListener - After find by --->By.xpath: //div[text()=' 30 ']
18:26:06.250 INFO  manager.MyListener - Start find element by locator --->By.xpath: //div[text()=' 31 ']
18:26:11.333 INFO  manager.MyListener - We have a problem --->https://ilcarro-1578153671498.web.app/search
18:26:11.335 INFO  manager.MyListener - We have a problem --->no such element: Unable to locate element: {"method":"xpath","selector":"//div[text()=' 31 ']"}
  (Session info: chrome=102.0.5005.63)
For documentation on this error, please visit: https://www.seleniumhq.org/exceptions/no_such_element.html
Build info: version: '3.141.59', revision: 'e82be7d358', time: '2018-11-14T08:17:03'
System info: host: 'KDFX-PC', ip: '172.16.0.178', os.name: 'Windows 10', os.arch: 'amd64', os.version: '10.0', java.version: '1.8.0_321'
Driver info: org.openqa.selenium.chrome.ChromeDriver
Capabilities {acceptInsecureCerts: false, browserName: chrome, browserVersion: 102.0.5005.63, chrome: {chromedriverVersion: 101.0.4951.41 (93c720db8323..., userDataDir: C:\Users\KDFXTE~1\AppData\L...}, goog:chromeOptions: {debuggerAddress: localhost:55035}, javascriptEnabled: true, networkConnectionEnabled: false, pageLoadStrategy: normal, platform: WINDOWS, platformName: WINDOWS, proxy: Proxy(), setWindowRect: true, strictFileInteractability: false, timeouts: {implicit: 0, pageLoad: 300000, script: 30000}, unhandledPromptBehavior: dismiss and notify, webauthn:extension:credBlob: true, webauthn:extension:largeBlob: true, webauthn:virtualAuthenticators: true}
Session ID: e5cfbd692f0445ea4ec99f07abff96c7
*** Element info: {Using=xpath, value=//div[text()=' 31 ']}
18:26:11.337 INFO  manager.MyListener - We have a problem --->org.openqa.selenium.NoSuchElementException: no such element: Unable to locate element: {"method":"xpath","selector":"//div[text()=' 31 ']"}
  (Session info: chrome=102.0.5005.63)
For documentation on this error, please visit: https://www.seleniumhq.org/exceptions/no_such_element.html
Build info: version: '3.141.59', revision: 'e82be7d358', time: '2018-11-14T08:17:03'
System info: host: 'KDFX-PC', ip: '172.16.0.178', os.name: 'Windows 10', os.arch: 'amd64', os.version: '10.0', java.version: '1.8.0_321'
Driver info: org.openqa.selenium.chrome.ChromeDriver
Capabilities {acceptInsecureCerts: false, browserName: chrome, browserVersion: 102.0.5005.63, chrome: {chromedriverVersion: 101.0.4951.41 (93c720db8323..., userDataDir: C:\Users\KDFXTE~1\AppData\L...}, goog:chromeOptions: {debuggerAddress: localhost:55035}, javascriptEnabled: true, networkConnectionEnabled: false, pageLoadStrategy: normal, platform: WINDOWS, platformName: WINDOWS, proxy: Proxy(), setWindowRect: true, strictFileInteractability: false, timeouts: {implicit: 0, pageLoad: 300000, script: 30000}, unhandledPromptBehavior: dismiss and notify, webauthn:extension:credBlob: true, webauthn:extension:largeBlob: true, webauthn:virtualAuthenticators: true}
Session ID: e5cfbd692f0445ea4ec99f07abff96c7
*** Element info: {Using=xpath, value=//div[text()=' 31 ']}
18:26:12.691 INFO  manager.MyListener - Start find element by locator --->By.cssSelector: .header a[href='/']
18:26:12.734 INFO  manager.MyListener - After find by --->By.cssSelector: .header a[href='/']
18:26:13.888 INFO  manager.MyListener - We have a problem --->https://ilcarro-1578153671498.web.app/search
18:26:13.888 INFO  manager.MyListener - We have a problem --->element click intercepted: Element <a _ngcontent-cgd-c25="" href="/" class="logo">...</a> is not clickable at point (284, 34). Other element would receive the click: <div class="cdk-overlay-backdrop mat-overlay-transparent-backdrop cdk-overlay-backdrop-showing"></div>
  (Session info: chrome=102.0.5005.63)
Build info: version: '3.141.59', revision: 'e82be7d358', time: '2018-11-14T08:17:03'
System info: host: 'KDFX-PC', ip: '172.16.0.178', os.name: 'Windows 10', os.arch: 'amd64', os.version: '10.0', java.version: '1.8.0_321'
Driver info: org.openqa.selenium.chrome.ChromeDriver
Capabilities {acceptInsecureCerts: false, browserName: chrome, browserVersion: 102.0.5005.63, chrome: {chromedriverVersion: 101.0.4951.41 (93c720db8323..., userDataDir: C:\Users\KDFXTE~1\AppData\L...}, goog:chromeOptions: {debuggerAddress: localhost:55035}, javascriptEnabled: true, networkConnectionEnabled: false, pageLoadStrategy: normal, platform: WINDOWS, platformName: WINDOWS, proxy: Proxy(), setWindowRect: true, strictFileInteractability: false, timeouts: {implicit: 0, pageLoad: 300000, script: 30000}, unhandledPromptBehavior: dismiss and notify, webauthn:extension:credBlob: true, webauthn:extension:largeBlob: true, webauthn:virtualAuthenticators: true}
Session ID: e5cfbd692f0445ea4ec99f07abff96c7
18:26:13.890 INFO  manager.MyListener - We have a problem --->org.openqa.selenium.ElementClickInterceptedException: element click intercepted: Element <a _ngcontent-cgd-c25="" href="/" class="logo">...</a> is not clickable at point (284, 34). Other element would receive the click: <div class="cdk-overlay-backdrop mat-overlay-transparent-backdrop cdk-overlay-backdrop-showing"></div>
  (Session info: chrome=102.0.5005.63)
Build info: version: '3.141.59', revision: 'e82be7d358', time: '2018-11-14T08:17:03'
System info: host: 'KDFX-PC', ip: '172.16.0.178', os.name: 'Windows 10', os.arch: 'amd64', os.version: '10.0', java.version: '1.8.0_321'
Driver info: org.openqa.selenium.chrome.ChromeDriver
Capabilities {acceptInsecureCerts: false, browserName: chrome, browserVersion: 102.0.5005.63, chrome: {chromedriverVersion: 101.0.4951.41 (93c720db8323..., userDataDir: C:\Users\KDFXTE~1\AppData\L...}, goog:chromeOptions: {debuggerAddress: localhost:55035}, javascriptEnabled: true, networkConnectionEnabled: false, pageLoadStrategy: normal, platform: WINDOWS, platformName: WINDOWS, proxy: Proxy(), setWindowRect: true, strictFileInteractability: false, timeouts: {implicit: 0, pageLoad: 300000, script: 30000}, unhandledPromptBehavior: dismiss and notify, webauthn:extension:credBlob: true, webauthn:extension:largeBlob: true, webauthn:virtualAuthenticators: true}
Session ID: e5cfbd692f0445ea4ec99f07abff96c7
