09:49:11.371 INFO  manager.ApplicationManager - Tests start in Chrome driver
09:49:13.697 INFO  manager.ApplicationManager - The link of project -->https://ilcarro-1578153671498.web.app/search
09:49:13.825 INFO  tests.TestBase - SL: Name of method--->loginSuccessAuth
09:49:13.829 INFO  manager.MyListener - Start find element by locator --->By.xpath: //a[text()=' Logout ']
09:49:18.864 INFO  manager.MyListener - After find by --->By.xpath: //a[text()=' Logout ']
09:49:18.868 INFO  tests.TestBase - Name of method is loginSuccessAuth: 
09:49:18.868 INFO  tests.TestBase - Test start with data: noa@gmail.com     Nnoa12345$
09:49:18.869 INFO  manager.MyListener - Start find element by locator --->By.cssSelector: [href^='/login']
09:49:18.916 INFO  manager.MyListener - After find by --->By.cssSelector: [href^='/login']
09:49:19.062 INFO  manager.MyListener - Start find element by locator --->By.id: email
09:49:19.091 INFO  manager.MyListener - After find by --->By.id: email
09:49:19.376 INFO  manager.MyListener - Start find element by locator --->By.id: password
09:49:19.400 INFO  manager.MyListener - After find by --->By.id: password
09:49:19.563 INFO  manager.MyListener - Start find element by locator --->By.cssSelector: button[type='submit']
09:49:19.586 INFO  manager.MyListener - After find by --->By.cssSelector: button[type='submit']
09:49:19.693 INFO  manager.MyListener - Start find element by locator --->By.cssSelector: .dialog-container
09:49:24.788 INFO  manager.MyListener - We have a problem --->https://ilcarro-1578153671498.web.app/login?url=%2Fsearch
09:49:24.789 INFO  manager.MyListener - We have a problem --->no such element: Unable to locate element: {"method":"css selector","selector":".dialog-container"}
  (Session info: chrome=102.0.5005.63)
For documentation on this error, please visit: https://www.seleniumhq.org/exceptions/no_such_element.html
Build info: version: '3.141.59', revision: 'e82be7d358', time: '2018-11-14T08:17:03'
System info: host: 'KDFX-PC', ip: '172.16.0.178', os.name: 'Windows 10', os.arch: 'amd64', os.version: '10.0', java.version: '1.8.0_321'
Driver info: org.openqa.selenium.chrome.ChromeDriver
Capabilities {acceptInsecureCerts: false, browserName: chrome, browserVersion: 102.0.5005.63, chrome: {chromedriverVersion: 101.0.4951.41 (93c720db8323..., userDataDir: C:\Users\KDFXTE~1\AppData\L...}, goog:chromeOptions: {debuggerAddress: localhost:52562}, javascriptEnabled: true, networkConnectionEnabled: false, pageLoadStrategy: normal, platform: WINDOWS, platformName: WINDOWS, proxy: Proxy(), setWindowRect: true, strictFileInteractability: false, timeouts: {implicit: 0, pageLoad: 300000, script: 30000}, unhandledPromptBehavior: dismiss and notify, webauthn:extension:credBlob: true, webauthn:extension:largeBlob: true, webauthn:virtualAuthenticators: true}
Session ID: c925faad49a968c9b186200694589c57
*** Element info: {Using=css selector, value=.dialog-container}
09:49:24.791 INFO  manager.MyListener - We have a problem --->org.openqa.selenium.NoSuchElementException: no such element: Unable to locate element: {"method":"css selector","selector":".dialog-container"}
  (Session info: chrome=102.0.5005.63)
For documentation on this error, please visit: https://www.seleniumhq.org/exceptions/no_such_element.html
Build info: version: '3.141.59', revision: 'e82be7d358', time: '2018-11-14T08:17:03'
System info: host: 'KDFX-PC', ip: '172.16.0.178', os.name: 'Windows 10', os.arch: 'amd64', os.version: '10.0', java.version: '1.8.0_321'
Driver info: org.openqa.selenium.chrome.ChromeDriver
Capabilities {acceptInsecureCerts: false, browserName: chrome, browserVersion: 102.0.5005.63, chrome: {chromedriverVersion: 101.0.4951.41 (93c720db8323..., userDataDir: C:\Users\KDFXTE~1\AppData\L...}, goog:chromeOptions: {debuggerAddress: localhost:52562}, javascriptEnabled: true, networkConnectionEnabled: false, pageLoadStrategy: normal, platform: WINDOWS, platformName: WINDOWS, proxy: Proxy(), setWindowRect: true, strictFileInteractability: false, timeouts: {implicit: 0, pageLoad: 300000, script: 30000}, unhandledPromptBehavior: dismiss and notify, webauthn:extension:credBlob: true, webauthn:extension:largeBlob: true, webauthn:virtualAuthenticators: true}
Session ID: c925faad49a968c9b186200694589c57
*** Element info: {Using=css selector, value=.dialog-container}
09:49:25.857 INFO  tests.TestBase - SL: Name of method--->loginSuccessAuth
09:49:25.859 INFO  manager.MyListener - Start find element by locator --->By.xpath: //a[text()=' Logout ']
09:49:30.920 INFO  manager.MyListener - After find by --->By.xpath: //a[text()=' Logout ']
09:49:30.923 INFO  tests.TestBase - Name of method is loginSuccessAuth: 
09:49:30.924 INFO  tests.TestBase - Test start with data: noa@gmail.com     Nnoa12345$
09:49:30.925 INFO  manager.MyListener - Start find element by locator --->By.cssSelector: [href^='/login']
09:49:30.954 INFO  manager.MyListener - After find by --->By.cssSelector: [href^='/login']
09:49:31.055 INFO  manager.MyListener - Start find element by locator --->By.id: email
09:49:31.092 INFO  manager.MyListener - After find by --->By.id: email
09:49:32.224 INFO  manager.MyListener - We have a problem --->https://ilcarro-1578153671498.web.app/login?url=%2Fsearch
09:49:32.225 INFO  manager.MyListener - We have a problem --->element click intercepted: Element <input _ngcontent-ugl-c100="" autocomplete="username" formcontrolname="email" id="email" type="email" class="ng-dirty ng-valid ng-touched"> is not clickable at point (1525, 293). Other element would receive the click: <div _ngcontent-ugl-c105="" class="login-registration-progress-container">...</div>
  (Session info: chrome=102.0.5005.63)
Build info: version: '3.141.59', revision: 'e82be7d358', time: '2018-11-14T08:17:03'
System info: host: 'KDFX-PC', ip: '172.16.0.178', os.name: 'Windows 10', os.arch: 'amd64', os.version: '10.0', java.version: '1.8.0_321'
Driver info: org.openqa.selenium.chrome.ChromeDriver
Capabilities {acceptInsecureCerts: false, browserName: chrome, browserVersion: 102.0.5005.63, chrome: {chromedriverVersion: 101.0.4951.41 (93c720db8323..., userDataDir: C:\Users\KDFXTE~1\AppData\L...}, goog:chromeOptions: {debuggerAddress: localhost:52562}, javascriptEnabled: true, networkConnectionEnabled: false, pageLoadStrategy: normal, platform: WINDOWS, platformName: WINDOWS, proxy: Proxy(), setWindowRect: true, strictFileInteractability: false, timeouts: {implicit: 0, pageLoad: 300000, script: 30000}, unhandledPromptBehavior: dismiss and notify, webauthn:extension:credBlob: true, webauthn:extension:largeBlob: true, webauthn:virtualAuthenticators: true}
Session ID: c925faad49a968c9b186200694589c57
09:49:32.228 INFO  manager.MyListener - We have a problem --->org.openqa.selenium.ElementClickInterceptedException: element click intercepted: Element <input _ngcontent-ugl-c100="" autocomplete="username" formcontrolname="email" id="email" type="email" class="ng-dirty ng-valid ng-touched"> is not clickable at point (1525, 293). Other element would receive the click: <div _ngcontent-ugl-c105="" class="login-registration-progress-container">...</div>
  (Session info: chrome=102.0.5005.63)
Build info: version: '3.141.59', revision: 'e82be7d358', time: '2018-11-14T08:17:03'
System info: host: 'KDFX-PC', ip: '172.16.0.178', os.name: 'Windows 10', os.arch: 'amd64', os.version: '10.0', java.version: '1.8.0_321'
Driver info: org.openqa.selenium.chrome.ChromeDriver
Capabilities {acceptInsecureCerts: false, browserName: chrome, browserVersion: 102.0.5005.63, chrome: {chromedriverVersion: 101.0.4951.41 (93c720db8323..., userDataDir: C:\Users\KDFXTE~1\AppData\L...}, goog:chromeOptions: {debuggerAddress: localhost:52562}, javascriptEnabled: true, networkConnectionEnabled: false, pageLoadStrategy: normal, platform: WINDOWS, platformName: WINDOWS, proxy: Proxy(), setWindowRect: true, strictFileInteractability: false, timeouts: {implicit: 0, pageLoad: 300000, script: 30000}, unhandledPromptBehavior: dismiss and notify, webauthn:extension:credBlob: true, webauthn:extension:largeBlob: true, webauthn:virtualAuthenticators: true}
Session ID: c925faad49a968c9b186200694589c57
09:49:33.372 INFO  tests.TestBase - SL: Name of method--->loginSuccessAuth
09:49:33.374 INFO  manager.MyListener - Start find element by locator --->By.xpath: //a[text()=' Logout ']
09:49:33.408 INFO  manager.MyListener - After find by --->By.xpath: //a[text()=' Logout ']
09:49:33.410 INFO  manager.MyListener - Start find element by locator --->By.xpath: //a[text()=' Logout ']
09:49:33.450 INFO  manager.MyListener - After find by --->By.xpath: //a[text()=' Logout ']
09:49:34.554 INFO  manager.MyListener - We have a problem --->https://ilcarro-1578153671498.web.app/login?url=%2Fsearch
09:49:34.555 INFO  manager.MyListener - We have a problem --->element click intercepted: Element <a _ngcontent-ugl-c25="" class="navigation-link ng-star-inserted" href="/logout?url=%2Fsearch">...</a> is not clickable at point (1472, 34). Other element would receive the click: <div class="cdk-overlay-backdrop cdk-overlay-dark-backdrop cdk-overlay-backdrop-showing"></div>
  (Session info: chrome=102.0.5005.63)
Build info: version: '3.141.59', revision: 'e82be7d358', time: '2018-11-14T08:17:03'
System info: host: 'KDFX-PC', ip: '172.16.0.178', os.name: 'Windows 10', os.arch: 'amd64', os.version: '10.0', java.version: '1.8.0_321'
Driver info: org.openqa.selenium.chrome.ChromeDriver
Capabilities {acceptInsecureCerts: false, browserName: chrome, browserVersion: 102.0.5005.63, chrome: {chromedriverVersion: 101.0.4951.41 (93c720db8323..., userDataDir: C:\Users\KDFXTE~1\AppData\L...}, goog:chromeOptions: {debuggerAddress: localhost:52562}, javascriptEnabled: true, networkConnectionEnabled: false, pageLoadStrategy: normal, platform: WINDOWS, platformName: WINDOWS, proxy: Proxy(), setWindowRect: true, strictFileInteractability: false, timeouts: {implicit: 0, pageLoad: 300000, script: 30000}, unhandledPromptBehavior: dismiss and notify, webauthn:extension:credBlob: true, webauthn:extension:largeBlob: true, webauthn:virtualAuthenticators: true}
Session ID: c925faad49a968c9b186200694589c57
09:49:34.557 INFO  manager.MyListener - We have a problem --->org.openqa.selenium.ElementClickInterceptedException: element click intercepted: Element <a _ngcontent-ugl-c25="" class="navigation-link ng-star-inserted" href="/logout?url=%2Fsearch">...</a> is not clickable at point (1472, 34). Other element would receive the click: <div class="cdk-overlay-backdrop cdk-overlay-dark-backdrop cdk-overlay-backdrop-showing"></div>
  (Session info: chrome=102.0.5005.63)
Build info: version: '3.141.59', revision: 'e82be7d358', time: '2018-11-14T08:17:03'
System info: host: 'KDFX-PC', ip: '172.16.0.178', os.name: 'Windows 10', os.arch: 'amd64', os.version: '10.0', java.version: '1.8.0_321'
Driver info: org.openqa.selenium.chrome.ChromeDriver
Capabilities {acceptInsecureCerts: false, browserName: chrome, browserVersion: 102.0.5005.63, chrome: {chromedriverVersion: 101.0.4951.41 (93c720db8323..., userDataDir: C:\Users\KDFXTE~1\AppData\L...}, goog:chromeOptions: {debuggerAddress: localhost:52562}, javascriptEnabled: true, networkConnectionEnabled: false, pageLoadStrategy: normal, platform: WINDOWS, platformName: WINDOWS, proxy: Proxy(), setWindowRect: true, strictFileInteractability: false, timeouts: {implicit: 0, pageLoad: 300000, script: 30000}, unhandledPromptBehavior: dismiss and notify, webauthn:extension:credBlob: true, webauthn:extension:largeBlob: true, webauthn:virtualAuthenticators: true}
Session ID: c925faad49a968c9b186200694589c57
